<?xml version="1.0" encoding="UTF-8"?>
<testng-results ignored="0" total="3" passed="3" failed="0" skipped="0">
  <reporter-output>
    <line>
      <![CDATA[Hello Selenium]]>
    </line>
    <line>
      <![CDATA[Hello Java]]>
    </line>
    <line>
      <![CDATA[Hello Sql]]>
    </line>
  </reporter-output>
  <suite started-at="2022-05-05T19:08:19 IST" name="Suite" finished-at="2022-05-05T19:08:19 IST" duration-ms="102">
    <groups>
    </groups>
    <test started-at="2022-05-05T19:08:19 IST" name="Test" finished-at="2022-05-05T19:08:19 IST" duration-ms="102">
      <class name="Scripts.Testcase01">
        <test-method signature="tc1()[pri:0, instance:Scripts.Testcase01@306f16f3]" started-at="2022-05-05T19:08:19 IST" name="tc1" finished-at="2022-05-05T19:08:19 IST" duration-ms="15" status="PASS">
          <reporter-output>
            <line>
              <![CDATA[Hello Selenium]]>
            </line>
          </reporter-output>
        </test-method> <!-- tc1 -->
      </class> <!-- Scripts.Testcase01 -->
      <class name="Scripts.Testcase02">
        <test-method signature="tc2()[pri:0, instance:Scripts.Testcase02@6babf3bf]" started-at="2022-05-05T19:08:19 IST" name="tc2" finished-at="2022-05-05T19:08:19 IST" duration-ms="1" status="PASS">
          <reporter-output>
            <line>
              <![CDATA[Hello Java]]>
            </line>
          </reporter-output>
        </test-method> <!-- tc2 -->
      </class> <!-- Scripts.Testcase02 -->
      <class name="Scripts.Testcase03">
        <test-method signature="tc1()[pri:0, instance:Scripts.Testcase03@3059cbc]" started-at="2022-05-05T19:08:19 IST" name="tc1" finished-at="2022-05-05T19:08:19 IST" duration-ms="1" status="PASS">
          <reporter-output>
            <line>
              <![CDATA[Hello Sql]]>
            </line>
          </reporter-output>
        </test-method> <!-- tc1 -->
      </class> <!-- Scripts.Testcase03 -->
    </test> <!-- Test -->
  </suite> <!-- Suite -->
</testng-results>
